<?xml version="1.0" encoding="UTF-8"?>
<testsuite xmlns:xsi="http://www.w3.org/2001/XMLSchema-instance" xsi:noNamespaceSchemaLocation="https://maven.apache.org/surefire/maven-surefire-plugin/xsd/surefire-test-report.xsd" version="3.0.2" name="com.rentspace.eurekaservice.EurekaserviceApplicationTests" time="11.522" tests="1" errors="0" skipped="0" failures="0">
  <properties>
[...]
</properties>
  <testcase name="contextLoads" classname="com.rentspace.eurekaservice.EurekaserviceApplicationTests" time="1.214">
    <system-out><![CDATA[Standard Commons Logging discovery in action with spring-jcl: please remove commons-logging.jar from classpath in order to avoid potential conflicts
16:40:22.680 [main] INFO org.springframework.test.context.support.AnnotationConfigContextLoaderUtils -- Could not detect default configuration classes for test class [com.rentspace.eurekaservice.EurekaserviceApplicationTests]: EurekaserviceApplicationTests does not declare any static, non-private, non-final, nested classes annotated with @Configuration.
16:40:22.841 [main] INFO org.springframework.boot.test.context.SpringBootTestContextBootstrapper -- Found @SpringBootConfiguration com.rentspace.eurekaservice.EurekaserviceApplication for test class com.rentspace.eurekaservice.EurekaserviceApplicationTests

  .   ____          _            __ _ _
 /\\ / ___'_ __ _ _(_)_ __  __ _ \ \ \ \
( ( )\___ | '_ | '_| | '_ \/ _` | \ \ \ \
 \\/  ___)| |_)| | | | | || (_| |  ) ) ) )
  '  |____| .__|_| |_|_| |_\__, | / / / /
 =========|_|==============|___/=/_/_/_/

 :: Spring Boot ::                (v3.4.0)

2024-12-01T16:40:25.913+05:00  INFO 21640 --- [eurekaservice] [           main] c.r.e.EurekaserviceApplicationTests      : Starting EurekaserviceApplicationTests using Java 22.0.2 with PID 21640 (started by User in D:\CODE\Start\rentspace\eurekaservice)
2024-12-01T16:40:25.915+05:00  INFO 21640 --- [eurekaservice] [           main] c.r.e.EurekaserviceApplicationTests      : No active profile set, falling back to 1 default profile: "default"
2024-12-01T16:40:25.949+05:00  INFO 21640 --- [eurekaservice] [           main] o.s.c.c.c.ConfigServerConfigDataLoader   : Fetching config from server at : http://localhost:8071
2024-12-01T16:40:25.950+05:00  INFO 21640 --- [eurekaservice] [           main] o.s.c.c.c.ConfigServerConfigDataLoader   : Located environment: name=eurekaservice, profiles=[default], label=null, version=null, state=null
2024-12-01T16:40:27.712+05:00  INFO 21640 --- [eurekaservice] [           main] o.s.cloud.context.scope.GenericScope     : BeanFactory id=8798debe-90b1-30db-af98-cdd999088e47
2024-12-01T16:40:29.984+05:00  INFO 21640 --- [eurekaservice] [           main] o.s.cloud.commons.util.InetUtils         : Cannot determine local hostname
2024-12-01T16:40:31.594+05:00  INFO 21640 --- [eurekaservice] [           main] o.s.cloud.commons.util.InetUtils         : Cannot determine local hostname
2024-12-01T16:40:31.720+05:00  WARN 21640 --- [eurekaservice] [           main] iguration$LoadBalancerCaffeineWarnLogger : Spring Cloud LoadBalancer is currently working with the default cache. While this cache implementation is useful for development and tests, it's recommended to use Caffeine cache in production.You can switch to using Caffeine cache, by adding it and org.springframework.cache.caffeine.CaffeineCacheManager to the classpath.
2024-12-01T16:40:32.016+05:00  INFO 21640 --- [eurekaservice] [           main] o.s.c.n.eureka.InstanceInfoFactory       : Setting initial instance status as: STARTING
2024-12-01T16:40:32.038+05:00  INFO 21640 --- [eurekaservice] [           main] com.netflix.discovery.DiscoveryClient    : Initializing Eureka in region us-east-1
2024-12-01T16:40:32.040+05:00  INFO 21640 --- [eurekaservice] [           main] com.netflix.discovery.DiscoveryClient    : Client configured to neither register nor query for data.
2024-12-01T16:40:32.041+05:00  INFO 21640 --- [eurekaservice] [           main] com.netflix.discovery.DiscoveryClient    : Discovery Client initialized at timestamp 1733053232041 with initial instances count: 0
2024-12-01T16:40:32.113+05:00  INFO 21640 --- [eurekaservice] [           main] c.n.eureka.DefaultEurekaServerContext    : Initializing ...
2024-12-01T16:40:32.115+05:00  WARN 21640 --- [eurekaservice] [           main] c.n.eureka.cluster.PeerEurekaNodes       : The replica size seems to be empty. Check the route 53 DNS Registry
2024-12-01T16:40:32.128+05:00  INFO 21640 --- [eurekaservice] [           main] c.n.e.registry.AbstractInstanceRegistry  : Finished initializing remote region registries. All known remote regions: []
2024-12-01T16:40:32.128+05:00  INFO 21640 --- [eurekaservice] [           main] c.n.eureka.DefaultEurekaServerContext    : Initialized
2024-12-01T16:40:32.316+05:00  INFO 21640 --- [eurekaservice] [           main] o.s.b.a.e.web.EndpointLinksResolver      : Exposing 17 endpoints beneath base path '/actuator'
2024-12-01T16:40:32.388+05:00  INFO 21640 --- [eurekaservice] [           main] o.s.c.n.e.s.EurekaServiceRegistry        : Registering application EUREKASERVICE with eureka with status UP
2024-12-01T16:40:32.408+05:00  INFO 21640 --- [eurekaservice] [      Thread-11] o.s.c.n.e.server.EurekaServerBootstrap   : isAws returned false
2024-12-01T16:40:32.410+05:00  INFO 21640 --- [eurekaservice] [      Thread-11] o.s.c.n.e.server.EurekaServerBootstrap   : Initialized server context
2024-12-01T16:40:32.410+05:00  INFO 21640 --- [eurekaservice] [      Thread-11] c.n.e.r.PeerAwareInstanceRegistryImpl    : Got 1 instances from neighboring DS node
2024-12-01T16:40:32.411+05:00  INFO 21640 --- [eurekaservice] [      Thread-11] c.n.e.r.PeerAwareInstanceRegistryImpl    : Renew threshold is: 1
2024-12-01T16:40:32.411+05:00  INFO 21640 --- [eurekaservice] [      Thread-11] c.n.e.r.PeerAwareInstanceRegistryImpl    : Changing status to UP
2024-12-01T16:40:32.414+05:00  INFO 21640 --- [eurekaservice] [      Thread-11] e.s.EurekaServerInitializerConfiguration : Started Eureka Server
2024-12-01T16:40:32.415+05:00  INFO 21640 --- [eurekaservice] [           main] c.r.e.EurekaserviceApplicationTests      : Started EurekaserviceApplicationTests in 9.067 seconds (process running for 10.847)
]]></system-out>
    <system-err><![CDATA[Mockito is currently self-attaching to enable the inline-mock-maker. This will no longer work in future releases of the JDK. Please add Mockito as an agent to your build what is described in Mockito's documentation: https://javadoc.io/doc/org.mockito/mockito-core/latest/org/mockito/Mockito.html#0.3
WARNING: A Java agent has been loaded dynamically (C:\Users\User\.m2\repository\net\bytebuddy\byte-buddy-agent\1.15.10\byte-buddy-agent-1.15.10.jar)
WARNING: If a serviceability tool is in use, please run with -XX:+EnableDynamicAgentLoading to hide this warning
WARNING: If a serviceability tool is not in use, please run with -Djdk.instrument.traceUsage for more information
WARNING: Dynamic loading of agents will be disallowed by default in a future release
]]></system-err>
  </testcase>
</testsuite>